<?xml version="1.0" encoding="UTF-8"?>
<persistence version="2.0" xmlns="http://java.sun.com/xml/ns/persistence" 
             xmlns:xsi="http://www.w3.org/2001/XMLSchema-instance" 
             xsi:schemaLocation="http://java.sun.com/xml/ns/persistence http://java.sun.com/xml/ns/persistence/persistence_2_0.xsd">
    
  <persistence-unit name="JPA_DB4B_LOCAL">
    <provider>org.eclipse.persistence.jpa.PersistenceProvider</provider>
    <jta-data-source>jdbc/arquillian</jta-data-source>
    <properties>
      <property name="eclipselink.logging.level" value="WARNING"/>
      <property name="eclipselink.logging.level.sql" value="WARNING"/>
      <property name="eclipselink.target-database" value="org.eclipse.persistence.platform.database.HSQLPlatform"/>
      <property name="eclipselink.ddl-generation" value="create-tables"/>
      <property name="eclipselink.ddl-generation.output-mode" value="database"/>
    </properties>
  </persistence-unit>
  
</persistence>